<?xml version="1.0" encoding="UTF-8"?>
<!-- Generated by org.testng.reporters.JUnitReportReporter -->
<testsuite hostname="krithika-dell3460" failures="0" tests="6" name="com.house.qa.testcases.NewjobsPageTest" time="238.488" errors="0" timestamp="2022-10-09T18:47:13 CDT" skipped="0">
  <testcase classname="com.house.qa.testcases.NewjobsPageTest" name="newJobsURLTest" time="36.167"/>
  <system-out/>
  <testcase classname="com.house.qa.testcases.NewjobsPageTest" name="validateItemNameTest" time="39.373"/>
  <system-out/>
  <testcase classname="com.house.qa.testcases.NewjobsPageTest" name="validateCustomerDetailsTest" time="45.500"/>
  <system-out/>
  <testcase classname="com.house.qa.testcases.NewjobsPageTest" name="validatePrivateNotesButtonTest" time="29.179"/>
  <system-out/>
  <testcase classname="com.house.qa.testcases.NewjobsPageTest" name="onClickSaveJobTest" time="42.594"/>
  <system-out/>
  <testcase classname="com.house.qa.testcases.NewjobsPageTest" name="onClickSaveJobTest" time="45.675"/>
  <system-out/>
</testsuite> <!-- com.house.qa.testcases.NewjobsPageTest -->
