<?xml version="1.0" encoding="UTF-8"?>
<!-- Generated by org.testng.reporters.JUnitReportReporter -->
<testsuite hostname="krithika-dell3460" failures="0" tests="2" name="com.house.qa.testcases.DashboardPageTest" time="55.671" errors="0" timestamp="2022-10-09T18:47:13 CDT" skipped="0">
  <testcase classname="com.house.qa.testcases.DashboardPageTest" name="validateDashboardPageTest" time="24.771"/>
  <system-out/>
  <testcase classname="com.house.qa.testcases.DashboardPageTest" name="onClickNewJobTest" time="30.900"/>
  <system-out/>
</testsuite> <!-- com.house.qa.testcases.DashboardPageTest -->
