<?xml version="1.0" encoding="UTF-8"?>
<!-- Generated by org.testng.reporters.JUnitReportReporter -->
<testsuite hostname="krithika-dell3460" failures="0" tests="2" name="com.house.qa.testcases.LoginPageTest" time="30.091" errors="0" timestamp="2022-10-09T18:47:13 CDT" skipped="0">
  <testcase classname="com.house.qa.testcases.LoginPageTest" name="validateloginPageURLTest" time="15.844"/>
  <system-out/>
  <testcase classname="com.house.qa.testcases.LoginPageTest" name="onClickloginPageTest" time="14.247"/>
  <system-out/>
</testsuite> <!-- com.house.qa.testcases.LoginPageTest -->
