<?xml version="1.0" encoding="UTF-8"?>
<!-- Generated by org.testng.reporters.JUnitReportReporter -->
<testsuite hostname="krithika-dell3460" failures="0" tests="2" name="com.house.qa.testcases.SchedulePageTest" time="90.946" errors="0" timestamp="2022-10-09T18:47:13 CDT" skipped="0">
  <testcase classname="com.house.qa.testcases.SchedulePageTest" name="onActivityFeedTest" time="45.610"/>
  <system-out/>
  <testcase classname="com.house.qa.testcases.SchedulePageTest" name="onValidateScheduleButtonTest" time="45.336"/>
  <system-out/>
</testsuite> <!-- com.house.qa.testcases.SchedulePageTest -->
